2024-05-26 08:39:39 error : Invalid Login Detail 
2024-05-26 08:39:59 error : Invalid login detail 
2024-06-12 06:12:13 error : firstname is a required field 
2024-06-12 08:32:05 error : userId is a required field 
2024-06-12 08:35:37 error : specialization is a required field 
2024-06-12 08:37:50 error : verificationStatus is a required field 
2024-06-12 15:43:59 error : userId is a required field 
2024-06-12 16:25:12 error : Authorization failed 
2024-06-12 16:39:48 error : We are sorry but you have already created a doctor account 
2024-06-13 20:50:24 error : startTime must be a `date` type, but the final value was: `Invalid Date` (cast from the value `"12:30"`). 
2024-06-13 20:59:23 error : endTime is a required field 
2024-06-13 21:07:29 error : startTime must be in the format HH:MM 
2024-06-13 21:56:46 error : We are sorry but you have already created a doctor account 
2024-06-13 22:48:04 error : Authorization failed 
2024-06-14 20:08:17 error : startTime must be a `date` type, but the final value was: `Invalid Date` (cast from the value `"08:30"`). 
2024-06-15 23:11:50 error : Authorization failed 
2024-06-15 23:28:13 error : column "userId" does not exist 
2024-06-15 23:31:30 error : column "doctorId" does not exist 
2024-06-15 23:35:41 error : column "userId" does not exist 
2024-06-16 06:11:57 error : Authorization failed 
2024-06-16 10:24:29 error : Authorization failed 
2024-06-16 10:24:56 error : column "userId" does not exist 
2024-06-16 13:12:19 error : startTime must be a `date` type, but the final value was: `Invalid Date` (cast from the value `"12:30:00"`). 
2024-06-17 15:15:47 error : Authorization failed 
2024-06-17 15:18:46 error : gender is a required field 
2024-06-17 15:39:26 error : Could not get patient 
2024-06-17 15:43:15 error : WHERE parameter "userId" has invalid "undefined" value 
2024-06-17 15:50:24 error : Could not get patient 
2024-06-17 15:51:27 error : Could not get patient 
2024-06-17 15:51:36 error : WHERE parameter "userId" has invalid "undefined" value 
2024-06-17 15:55:32 error : We are sorry but you have already created a patient account 
2024-06-17 17:12:54 error : date is a required field 
2024-06-17 17:14:52 error : date is a required field 
2024-06-17 17:15:19 error : reason is a required field 
2024-06-17 17:15:51 error : patientId is a required field 
2024-06-17 17:19:37 error : timeslotId is a required field 
